I tensorflow/stream_executor/dso_loader.cc:108] successfully opened CUDA library libcublas.so locally
I tensorflow/stream_executor/dso_loader.cc:108] successfully opened CUDA library libcudnn.so locally
I tensorflow/stream_executor/dso_loader.cc:108] successfully opened CUDA library libcufft.so locally
I tensorflow/stream_executor/dso_loader.cc:108] successfully opened CUDA library libcuda.so locally
I tensorflow/stream_executor/dso_loader.cc:108] successfully opened CUDA library libcurand.so locally
Traceback (most recent call last):
  File "cifar10_train.py", line 159, in <module>
    tf.app.run()
  File "/home/mayankp/.local/lib/python2.7/site-packages/tensorflow/python/platform/app.py", line 30, in run
    sys.exit(main(sys.argv))
  File "cifar10_train.py", line 155, in main
    train()
  File "cifar10_train.py", line 81, in train
    use_nrelu=False, id_decay=False, add_shortcuts=True, is_train=True)
  File "/home/mayankp/Experiments/l2Losslayers/cifar10.py", line 274, in inference
    use_batchnorm, use_nrelu, id_decay, add_shortcuts)
  File "/home/mayankp/Experiments/l2Losslayers/cifar10.py", line 338, in addgroup
    use_batchnorm, use_nrelu, id_decay, add_shortcuts, is_train)
  File "/home/mayankp/Experiments/l2Losslayers/cifar10.py", line 417, in residualblock
    stdden=1e-4, wd=weight_decay)
TypeError: _variable_with_weight_decay() got an unexpected keyword argument 'stdden'
